build/app/intermediates/manifest_merge_blame_file/debug/manifest-merger-blame-debug-report.txt
1<?xml version="1.0" encoding="utf-8"?>
2<manifest xmlns:android="http://schemas.android.com/apk/res/android"
3    package="com.example.push_notification"
4    android:versionCode="1"
5    android:versionName="1.0.0" >
6
7    <uses-sdk
8        android:minSdkVersion="21"
9        android:targetSdkVersion="33" />
10    <!--
11         The INTERNET permission is required for development. Specifically,
12         the Flutter tool needs it to communicate with the running application
13         to allow setting breakpoints, to provide hot reload, etc.
14    -->
15    <uses-permission android:name="android.permission.INTERNET" />
15-->src/debug/AndroidManifest.xml:7:5-66
15-->src/debug/AndroidManifest.xml:7:22-64
16    <uses-permission android:name="android.permission.WAKE_LOCK" />
16-->[:firebase_messaging] AndroidManifest.xml:10:5-68
16-->[:firebase_messaging] AndroidManifest.xml:10:22-65
17    <uses-permission android:name="android.permission.ACCESS_NETWORK_STATE" /> <!-- Permissions options for the `notification` group -->
17-->[:firebase_messaging] AndroidManifest.xml:11:5-79
17-->[:firebase_messaging] AndroidManifest.xml:11:22-76
18    <uses-permission android:name="android.permission.POST_NOTIFICATIONS" />
18-->[:firebase_messaging] AndroidManifest.xml:13:5-77
18-->[:firebase_messaging] AndroidManifest.xml:13:22-74
19    <uses-permission android:name="android.permission.RECEIVE_BOOT_COMPLETED" />
19-->[:flutter_local_notifications] AndroidManifest.xml:9:5-81
19-->[:flutter_local_notifications] AndroidManifest.xml:9:22-78
20    <uses-permission android:name="android.permission.VIBRATE" />
20-->[:flutter_local_notifications] AndroidManifest.xml:10:5-66
20-->[:flutter_local_notifications] AndroidManifest.xml:10:22-63
21    <uses-permission android:name="android.permission.USE_FULL_SCREEN_INTENT" />
21-->[:flutter_local_notifications] AndroidManifest.xml:11:5-81
21-->[:flutter_local_notifications] AndroidManifest.xml:11:22-78
22    <uses-permission android:name="android.permission.SCHEDULE_EXACT_ALARM" /> <!-- Required by older versions of Google Play services to create IID tokens -->
22-->[:flutter_local_notifications] AndroidManifest.xml:12:5-79
22-->[:flutter_local_notifications] AndroidManifest.xml:12:22-76
23    <uses-permission android:name="com.google.android.c2dm.permission.RECEIVE" />
23-->[com.google.firebase:firebase-messaging:23.1.1] AndroidManifest.xml:28:5-82
23-->[com.google.firebase:firebase-messaging:23.1.1] AndroidManifest.xml:28:22-79
24    <uses-permission android:name="com.google.android.gms.permission.AD_ID" />
24-->[com.google.android.gms:play-services-measurement-api:21.2.0] AndroidManifest.xml:25:5-79
24-->[com.google.android.gms:play-services-measurement-api:21.2.0] AndroidManifest.xml:25:22-76
25    <uses-permission android:name="com.google.android.finsky.permission.BIND_GET_INSTALL_REFERRER_SERVICE" />
25-->[com.google.android.gms:play-services-measurement:21.2.0] AndroidManifest.xml:26:5-110
25-->[com.google.android.gms:play-services-measurement:21.2.0] AndroidManifest.xml:26:22-107
26
27    <application
28        android:name="android.app.Application"
29        android:appComponentFactory="androidx.core.app.CoreComponentFactory"
29-->[androidx.core:core:1.6.0] AndroidManifest.xml:24:18-86
30        android:debuggable="true"
31        android:icon="@mipmap/notification"
32        android:label="push_notification" >
33        <activity
34            android:name="com.example.push_notification.MainActivity"
35            android:configChanges="orientation|keyboardHidden|keyboard|screenSize|smallestScreenSize|locale|layoutDirection|fontScale|screenLayout|density|uiMode"
36            android:exported="true"
37            android:hardwareAccelerated="true"
38            android:launchMode="singleTop"
39            android:theme="@style/LaunchTheme"
40            android:windowSoftInputMode="adjustResize" >
41
42            <!--
43                 Specifies an Android theme to apply to this Activity as soon as
44                 the Android process has started. This theme is visible to the user
45                 while the Flutter UI initializes. After that, this theme continues
46                 to determine the Window background behind the Flutter UI.
47            -->
48            <meta-data
49                android:name="io.flutter.embedding.android.NormalTheme"
50                android:resource="@style/NormalTheme" />
51
52            <intent-filter>
53                <action android:name="android.intent.action.MAIN" />
54
55                <category android:name="android.intent.category.LAUNCHER" />
56            </intent-filter>
57            <intent-filter>
58                <action android:name="FLUTTER_NOTIFICATION_CLICK" />
59
60                <category android:name="android.intent.category.DEFAULT" />
60-->[com.google.firebase:firebase-auth:21.1.0] AndroidManifest.xml:36:17-76
60-->[com.google.firebase:firebase-auth:21.1.0] AndroidManifest.xml:36:27-73
61            </intent-filter>
62        </activity>
63        <!--
64             Don't delete the meta-data below.
65             This is used by the Flutter tool to generate GeneratedPluginRegistrant.java
66        -->
67        <meta-data
68            android:name="flutterEmbedding"
69            android:value="2" />
70
71        <service
71-->[:firebase_auth] AndroidManifest.xml:10:9-14:19
72            android:name="com.google.firebase.components.ComponentDiscoveryService"
72-->[:firebase_auth] AndroidManifest.xml:10:18-89
73            android:directBootAware="true"
73-->[com.google.firebase:firebase-common:20.2.0] AndroidManifest.xml:34:13-43
74            android:exported="false" >
74-->[com.google.firebase:firebase-messaging:23.1.1] AndroidManifest.xml:54:13-37
75            <meta-data
75-->[:firebase_auth] AndroidManifest.xml:11:13-13:85
76                android:name="com.google.firebase.components:io.flutter.plugins.firebase.auth.FlutterFirebaseAuthRegistrar"
76-->[:firebase_auth] AndroidManifest.xml:12:17-124
77                android:value="com.google.firebase.components.ComponentRegistrar" />
77-->[:firebase_auth] AndroidManifest.xml:13:17-82
78            <meta-data
78-->[:firebase_messaging] AndroidManifest.xml:38:13-40:85
79                android:name="com.google.firebase.components:io.flutter.plugins.firebase.messaging.FlutterFirebaseAppRegistrar"
79-->[:firebase_messaging] AndroidManifest.xml:39:17-128
80                android:value="com.google.firebase.components.ComponentRegistrar" />
80-->[:firebase_messaging] AndroidManifest.xml:40:17-82
81            <meta-data
81-->[:firebase_core] AndroidManifest.xml:11:13-13:85
82                android:name="com.google.firebase.components:io.flutter.plugins.firebase.core.FlutterFirebaseCoreRegistrar"
82-->[:firebase_core] AndroidManifest.xml:12:17-124
83                android:value="com.google.firebase.components.ComponentRegistrar" />
83-->[:firebase_core] AndroidManifest.xml:13:17-82
84            <meta-data
84-->[com.google.firebase:firebase-messaging:23.1.1] AndroidManifest.xml:55:13-57:85
85                android:name="com.google.firebase.components:com.google.firebase.messaging.FirebaseMessagingRegistrar"
85-->[com.google.firebase:firebase-messaging:23.1.1] AndroidManifest.xml:56:17-119
86                android:value="com.google.firebase.components.ComponentRegistrar" />
86-->[com.google.firebase:firebase-messaging:23.1.1] AndroidManifest.xml:57:17-82
87            <meta-data
87-->[com.google.firebase:firebase-datatransport:18.1.7] AndroidManifest.xml:27:13-29:85
88                android:name="com.google.firebase.components:com.google.firebase.datatransport.TransportRegistrar"
88-->[com.google.firebase:firebase-datatransport:18.1.7] AndroidManifest.xml:28:17-115
89                android:value="com.google.firebase.components.ComponentRegistrar" />
89-->[com.google.firebase:firebase-datatransport:18.1.7] AndroidManifest.xml:29:17-82
90            <meta-data
90-->[com.google.firebase:firebase-auth:21.1.0] AndroidManifest.xml:67:13-69:85
91                android:name="com.google.firebase.components:com.google.firebase.auth.FirebaseAuthRegistrar"
91-->[com.google.firebase:firebase-auth:21.1.0] AndroidManifest.xml:68:17-109
92                android:value="com.google.firebase.components.ComponentRegistrar" />
92-->[com.google.firebase:firebase-auth:21.1.0] AndroidManifest.xml:69:17-82
93            <meta-data
93-->[com.google.firebase:firebase-iid:21.1.0] AndroidManifest.xml:32:13-34:85
94                android:name="com.google.firebase.components:com.google.firebase.iid.Registrar"
94-->[com.google.firebase:firebase-iid:21.1.0] AndroidManifest.xml:33:17-96
95                android:value="com.google.firebase.components.ComponentRegistrar" />
95-->[com.google.firebase:firebase-iid:21.1.0] AndroidManifest.xml:34:17-82
96            <meta-data
96-->[com.google.android.gms:play-services-measurement-api:21.2.0] AndroidManifest.xml:31:13-33:85
97                android:name="com.google.firebase.components:com.google.firebase.analytics.connector.internal.AnalyticsConnectorRegistrar"
97-->[com.google.android.gms:play-services-measurement-api:21.2.0] AndroidManifest.xml:32:17-139
98                android:value="com.google.firebase.components.ComponentRegistrar" />
98-->[com.google.android.gms:play-services-measurement-api:21.2.0] AndroidManifest.xml:33:17-82
99            <meta-data
99-->[com.google.firebase:firebase-installations:17.1.0] AndroidManifest.xml:17:13-19:85
100                android:name="com.google.firebase.components:com.google.firebase.installations.FirebaseInstallationsRegistrar"
100-->[com.google.firebase:firebase-installations:17.1.0] AndroidManifest.xml:18:17-127
101                android:value="com.google.firebase.components.ComponentRegistrar" />
101-->[com.google.firebase:firebase-installations:17.1.0] AndroidManifest.xml:19:17-82
102        </service>
103        <service
103-->[:firebase_messaging] AndroidManifest.xml:16:9-19:72
104            android:name="io.flutter.plugins.firebase.messaging.FlutterFirebaseMessagingBackgroundService"
104-->[:firebase_messaging] AndroidManifest.xml:17:13-107
105            android:exported="false"
105-->[:firebase_messaging] AndroidManifest.xml:18:13-37
106            android:permission="android.permission.BIND_JOB_SERVICE" />
106-->[:firebase_messaging] AndroidManifest.xml:19:13-69
107        <service
107-->[:firebase_messaging] AndroidManifest.xml:20:9-26:19
108            android:name="io.flutter.plugins.firebase.messaging.FlutterFirebaseMessagingService"
108-->[:firebase_messaging] AndroidManifest.xml:21:13-97
109            android:exported="false" >
109-->[:firebase_messaging] AndroidManifest.xml:22:13-37
110            <intent-filter>
110-->[:firebase_messaging] AndroidManifest.xml:23:13-25:29
111                <action android:name="com.google.firebase.MESSAGING_EVENT" />
111-->[:firebase_messaging] AndroidManifest.xml:24:17-78
111-->[:firebase_messaging] AndroidManifest.xml:24:25-75
112            </intent-filter>
113        </service>
114
115        <receiver
115-->[:firebase_messaging] AndroidManifest.xml:28:9-35:20
116            android:name="io.flutter.plugins.firebase.messaging.FlutterFirebaseMessagingReceiver"
116-->[:firebase_messaging] AndroidManifest.xml:29:13-98
117            android:exported="true"
117-->[:firebase_messaging] AndroidManifest.xml:30:13-36
118            android:permission="com.google.android.c2dm.permission.SEND" >
118-->[:firebase_messaging] AndroidManifest.xml:31:13-73
119            <intent-filter>
119-->[:firebase_messaging] AndroidManifest.xml:32:13-34:29
120                <action android:name="com.google.android.c2dm.intent.RECEIVE" />
120-->[:firebase_messaging] AndroidManifest.xml:33:17-81
120-->[:firebase_messaging] AndroidManifest.xml:33:25-78
121            </intent-filter>
122        </receiver>
123
124        <provider
124-->[:firebase_messaging] AndroidManifest.xml:43:9-47:38
125            android:name="io.flutter.plugins.firebase.messaging.FlutterFirebaseMessagingInitProvider"
125-->[:firebase_messaging] AndroidManifest.xml:44:13-102
126            android:authorities="com.example.push_notification.flutterfirebasemessaginginitprovider"
126-->[:firebase_messaging] AndroidManifest.xml:45:13-88
127            android:exported="false"
127-->[:firebase_messaging] AndroidManifest.xml:46:13-37
128            android:initOrder="99" />
128-->[:firebase_messaging] AndroidManifest.xml:47:13-35
129
130        <receiver
130-->[:flutter_local_notifications] AndroidManifest.xml:16:9-18:40
131            android:name="com.dexterous.flutterlocalnotifications.ActionBroadcastReceiver"
131-->[:flutter_local_notifications] AndroidManifest.xml:17:13-91
132            android:exported="false" />
132-->[:flutter_local_notifications] AndroidManifest.xml:18:13-37
133        <receiver
133-->[:flutter_local_notifications] AndroidManifest.xml:19:9-21:40
134            android:name="com.dexterous.flutterlocalnotifications.ScheduledNotificationReceiver"
134-->[:flutter_local_notifications] AndroidManifest.xml:20:13-97
135            android:exported="false" />
135-->[:flutter_local_notifications] AndroidManifest.xml:21:13-37
136        <receiver
136-->[:flutter_local_notifications] AndroidManifest.xml:22:9-31:20
137            android:name="com.dexterous.flutterlocalnotifications.ScheduledNotificationBootReceiver"
137-->[:flutter_local_notifications] AndroidManifest.xml:23:13-101
138            android:exported="false" >
138-->[:flutter_local_notifications] AndroidManifest.xml:24:13-37
139            <intent-filter>
139-->[:flutter_local_notifications] AndroidManifest.xml:25:13-30:29
140                <action android:name="android.intent.action.BOOT_COMPLETED" />
140-->[:flutter_local_notifications] AndroidManifest.xml:26:17-79
140-->[:flutter_local_notifications] AndroidManifest.xml:26:25-76
141                <action android:name="android.intent.action.MY_PACKAGE_REPLACED" />
141-->[:flutter_local_notifications] AndroidManifest.xml:27:17-84
141-->[:flutter_local_notifications] AndroidManifest.xml:27:25-81
142                <action android:name="android.intent.action.QUICKBOOT_POWERON" />
142-->[:flutter_local_notifications] AndroidManifest.xml:28:17-82
142-->[:flutter_local_notifications] AndroidManifest.xml:28:25-79
143                <action android:name="com.htc.intent.action.QUICKBOOT_POWERON" />
143-->[:flutter_local_notifications] AndroidManifest.xml:29:17-82
143-->[:flutter_local_notifications] AndroidManifest.xml:29:25-79
144            </intent-filter>
145        </receiver>
146
147        <uses-library
147-->[androidx.window:window:1.0.0-beta04] AndroidManifest.xml:25:9-27:40
148            android:name="androidx.window.extensions"
148-->[androidx.window:window:1.0.0-beta04] AndroidManifest.xml:26:13-54
149            android:required="false" />
149-->[androidx.window:window:1.0.0-beta04] AndroidManifest.xml:27:13-37
150        <uses-library
150-->[androidx.window:window:1.0.0-beta04] AndroidManifest.xml:28:9-30:40
151            android:name="androidx.window.sidecar"
151-->[androidx.window:window:1.0.0-beta04] AndroidManifest.xml:29:13-51
152            android:required="false" />
152-->[androidx.window:window:1.0.0-beta04] AndroidManifest.xml:30:13-37
153
154        <receiver
154-->[com.google.firebase:firebase-messaging:23.1.1] AndroidManifest.xml:31:9-38:20
155            android:name="com.google.firebase.iid.FirebaseInstanceIdReceiver"
155-->[com.google.firebase:firebase-messaging:23.1.1] AndroidManifest.xml:32:13-78
156            android:exported="true"
156-->[com.google.firebase:firebase-messaging:23.1.1] AndroidManifest.xml:33:13-36
157            android:permission="com.google.android.c2dm.permission.SEND" >
157-->[com.google.firebase:firebase-messaging:23.1.1] AndroidManifest.xml:34:13-73
158            <intent-filter>
158-->[:firebase_messaging] AndroidManifest.xml:32:13-34:29
159                <action android:name="com.google.android.c2dm.intent.RECEIVE" />
159-->[:firebase_messaging] AndroidManifest.xml:33:17-81
159-->[:firebase_messaging] AndroidManifest.xml:33:25-78
160            </intent-filter>
161        </receiver>
162        <!--
163             FirebaseMessagingService performs security checks at runtime,
164             but set to not exported to explicitly avoid allowing another app to call it.
165        -->
166        <service
166-->[com.google.firebase:firebase-messaging:23.1.1] AndroidManifest.xml:44:9-51:19
167            android:name="com.google.firebase.messaging.FirebaseMessagingService"
167-->[com.google.firebase:firebase-messaging:23.1.1] AndroidManifest.xml:45:13-82
168            android:directBootAware="true"
168-->[com.google.firebase:firebase-messaging:23.1.1] AndroidManifest.xml:46:13-43
169            android:exported="false" >
169-->[com.google.firebase:firebase-messaging:23.1.1] AndroidManifest.xml:47:13-37
170            <intent-filter android:priority="-500" >
170-->[:firebase_messaging] AndroidManifest.xml:23:13-25:29
171                <action android:name="com.google.firebase.MESSAGING_EVENT" />
171-->[:firebase_messaging] AndroidManifest.xml:24:17-78
171-->[:firebase_messaging] AndroidManifest.xml:24:25-75
172            </intent-filter>
173        </service>
174        <service
174-->[com.google.android.datatransport:transport-backend-cct:3.1.8] AndroidManifest.xml:28:9-34:19
175            android:name="com.google.android.datatransport.runtime.backends.TransportBackendDiscovery"
175-->[com.google.android.datatransport:transport-backend-cct:3.1.8] AndroidManifest.xml:29:13-103
176            android:exported="false" >
176-->[com.google.android.datatransport:transport-backend-cct:3.1.8] AndroidManifest.xml:30:13-37
177            <meta-data
177-->[com.google.android.datatransport:transport-backend-cct:3.1.8] AndroidManifest.xml:31:13-33:39
178                android:name="backend:com.google.android.datatransport.cct.CctBackendFactory"
178-->[com.google.android.datatransport:transport-backend-cct:3.1.8] AndroidManifest.xml:32:17-94
179                android:value="cct" />
179-->[com.google.android.datatransport:transport-backend-cct:3.1.8] AndroidManifest.xml:33:17-36
180        </service>
181        <service
181-->[com.google.android.datatransport:transport-runtime:3.1.8] AndroidManifest.xml:26:9-30:19
182            android:name="com.google.android.datatransport.runtime.scheduling.jobscheduling.JobInfoSchedulerService"
182-->[com.google.android.datatransport:transport-runtime:3.1.8] AndroidManifest.xml:27:13-117
183            android:exported="false"
183-->[com.google.android.datatransport:transport-runtime:3.1.8] AndroidManifest.xml:28:13-37
184            android:permission="android.permission.BIND_JOB_SERVICE" >
184-->[com.google.android.datatransport:transport-runtime:3.1.8] AndroidManifest.xml:29:13-69
185        </service>
186
187        <receiver
187-->[com.google.android.datatransport:transport-runtime:3.1.8] AndroidManifest.xml:32:9-34:40
188            android:name="com.google.android.datatransport.runtime.scheduling.jobscheduling.AlarmManagerSchedulerBroadcastReceiver"
188-->[com.google.android.datatransport:transport-runtime:3.1.8] AndroidManifest.xml:33:13-132
189            android:exported="false" />
189-->[com.google.android.datatransport:transport-runtime:3.1.8] AndroidManifest.xml:34:13-37
190
191        <activity
191-->[com.google.firebase:firebase-auth:21.1.0] AndroidManifest.xml:27:9-44:20
192            android:name="com.google.firebase.auth.internal.GenericIdpActivity"
192-->[com.google.firebase:firebase-auth:21.1.0] AndroidManifest.xml:28:13-80
193            android:excludeFromRecents="true"
193-->[com.google.firebase:firebase-auth:21.1.0] AndroidManifest.xml:29:13-46
194            android:exported="true"
194-->[com.google.firebase:firebase-auth:21.1.0] AndroidManifest.xml:30:13-36
195            android:launchMode="singleTask"
195-->[com.google.firebase:firebase-auth:21.1.0] AndroidManifest.xml:31:13-44
196            android:theme="@android:style/Theme.Translucent.NoTitleBar" >
196-->[com.google.firebase:firebase-auth:21.1.0] AndroidManifest.xml:32:13-72
197            <intent-filter>
197-->[com.google.firebase:firebase-auth:21.1.0] AndroidManifest.xml:33:13-43:29
198                <action android:name="android.intent.action.VIEW" />
198-->[com.google.firebase:firebase-auth:21.1.0] AndroidManifest.xml:34:17-69
198-->[com.google.firebase:firebase-auth:21.1.0] AndroidManifest.xml:34:25-66
199
200                <category android:name="android.intent.category.DEFAULT" />
200-->[com.google.firebase:firebase-auth:21.1.0] AndroidManifest.xml:36:17-76
200-->[com.google.firebase:firebase-auth:21.1.0] AndroidManifest.xml:36:27-73
201                <category android:name="android.intent.category.BROWSABLE" />
201-->[com.google.firebase:firebase-auth:21.1.0] AndroidManifest.xml:37:17-78
201-->[com.google.firebase:firebase-auth:21.1.0] AndroidManifest.xml:37:27-75
202
203                <data
203-->[com.google.firebase:firebase-auth:21.1.0] AndroidManifest.xml:39:17-42:51
204                    android:host="firebase.auth"
204-->[com.google.firebase:firebase-auth:21.1.0] AndroidManifest.xml:40:21-49
205                    android:path="/"
205-->[com.google.firebase:firebase-auth:21.1.0] AndroidManifest.xml:41:21-37
206                    android:scheme="genericidp" />
206-->[com.google.firebase:firebase-auth:21.1.0] AndroidManifest.xml:42:21-48
207            </intent-filter>
208        </activity>
209        <activity
209-->[com.google.firebase:firebase-auth:21.1.0] AndroidManifest.xml:45:9-62:20
210            android:name="com.google.firebase.auth.internal.RecaptchaActivity"
210-->[com.google.firebase:firebase-auth:21.1.0] AndroidManifest.xml:46:13-79
211            android:excludeFromRecents="true"
211-->[com.google.firebase:firebase-auth:21.1.0] AndroidManifest.xml:47:13-46
212            android:exported="true"
212-->[com.google.firebase:firebase-auth:21.1.0] AndroidManifest.xml:48:13-36
213            android:launchMode="singleTask"
213-->[com.google.firebase:firebase-auth:21.1.0] AndroidManifest.xml:49:13-44
214            android:theme="@android:style/Theme.Translucent.NoTitleBar" >
214-->[com.google.firebase:firebase-auth:21.1.0] AndroidManifest.xml:50:13-72
215            <intent-filter>
215-->[com.google.firebase:firebase-auth:21.1.0] AndroidManifest.xml:51:13-61:29
216                <action android:name="android.intent.action.VIEW" />
216-->[com.google.firebase:firebase-auth:21.1.0] AndroidManifest.xml:34:17-69
216-->[com.google.firebase:firebase-auth:21.1.0] AndroidManifest.xml:34:25-66
217
218                <category android:name="android.intent.category.DEFAULT" />
218-->[com.google.firebase:firebase-auth:21.1.0] AndroidManifest.xml:36:17-76
218-->[com.google.firebase:firebase-auth:21.1.0] AndroidManifest.xml:36:27-73
219                <category android:name="android.intent.category.BROWSABLE" />
219-->[com.google.firebase:firebase-auth:21.1.0] AndroidManifest.xml:37:17-78
219-->[com.google.firebase:firebase-auth:21.1.0] AndroidManifest.xml:37:27-75
220
221                <data
221-->[com.google.firebase:firebase-auth:21.1.0] AndroidManifest.xml:39:17-42:51
222                    android:host="firebase.auth"
222-->[com.google.firebase:firebase-auth:21.1.0] AndroidManifest.xml:40:21-49
223                    android:path="/"
223-->[com.google.firebase:firebase-auth:21.1.0] AndroidManifest.xml:41:21-37
224                    android:scheme="recaptcha" />
224-->[com.google.firebase:firebase-auth:21.1.0] AndroidManifest.xml:42:21-48
225            </intent-filter>
226        </activity>
227
228        <provider
228-->[com.google.firebase:firebase-common:20.2.0] AndroidManifest.xml:25:9-30:39
229            android:name="com.google.firebase.provider.FirebaseInitProvider"
229-->[com.google.firebase:firebase-common:20.2.0] AndroidManifest.xml:26:13-77
230            android:authorities="com.example.push_notification.firebaseinitprovider"
230-->[com.google.firebase:firebase-common:20.2.0] AndroidManifest.xml:27:13-72
231            android:directBootAware="true"
231-->[com.google.firebase:firebase-common:20.2.0] AndroidManifest.xml:28:13-43
232            android:exported="false"
232-->[com.google.firebase:firebase-common:20.2.0] AndroidManifest.xml:29:13-37
233            android:initOrder="100" />
233-->[com.google.firebase:firebase-common:20.2.0] AndroidManifest.xml:30:13-36
234
235        <receiver
235-->[com.google.android.gms:play-services-measurement:21.2.0] AndroidManifest.xml:29:9-33:20
236            android:name="com.google.android.gms.measurement.AppMeasurementReceiver"
236-->[com.google.android.gms:play-services-measurement:21.2.0] AndroidManifest.xml:30:13-85
237            android:enabled="true"
237-->[com.google.android.gms:play-services-measurement:21.2.0] AndroidManifest.xml:31:13-35
238            android:exported="false" >
238-->[com.google.android.gms:play-services-measurement:21.2.0] AndroidManifest.xml:32:13-37
239        </receiver>
240
241        <service
241-->[com.google.android.gms:play-services-measurement:21.2.0] AndroidManifest.xml:35:9-38:40
242            android:name="com.google.android.gms.measurement.AppMeasurementService"
242-->[com.google.android.gms:play-services-measurement:21.2.0] AndroidManifest.xml:36:13-84
243            android:enabled="true"
243-->[com.google.android.gms:play-services-measurement:21.2.0] AndroidManifest.xml:37:13-35
244            android:exported="false" />
244-->[com.google.android.gms:play-services-measurement:21.2.0] AndroidManifest.xml:38:13-37
245        <service
245-->[com.google.android.gms:play-services-measurement:21.2.0] AndroidManifest.xml:39:9-43:72
246            android:name="com.google.android.gms.measurement.AppMeasurementJobService"
246-->[com.google.android.gms:play-services-measurement:21.2.0] AndroidManifest.xml:40:13-87
247            android:enabled="true"
247-->[com.google.android.gms:play-services-measurement:21.2.0] AndroidManifest.xml:41:13-35
248            android:exported="false"
248-->[com.google.android.gms:play-services-measurement:21.2.0] AndroidManifest.xml:42:13-37
249            android:permission="android.permission.BIND_JOB_SERVICE" />
249-->[com.google.android.gms:play-services-measurement:21.2.0] AndroidManifest.xml:43:13-69
250
251        <activity
251-->[com.google.android.gms:play-services-base:18.0.1] AndroidManifest.xml:20:9-22:45
252            android:name="com.google.android.gms.common.api.GoogleApiActivity"
252-->[com.google.android.gms:play-services-base:18.0.1] AndroidManifest.xml:20:19-85
253            android:exported="false"
253-->[com.google.android.gms:play-services-base:18.0.1] AndroidManifest.xml:22:19-43
254            android:theme="@android:style/Theme.Translucent.NoTitleBar" />
254-->[com.google.android.gms:play-services-base:18.0.1] AndroidManifest.xml:21:19-78
255
256        <meta-data
256-->[com.google.android.gms:play-services-basement:18.1.0] AndroidManifest.xml:21:9-23:69
257            android:name="com.google.android.gms.version"
257-->[com.google.android.gms:play-services-basement:18.1.0] AndroidManifest.xml:22:13-58
258            android:value="@integer/google_play_services_version" />
258-->[com.google.android.gms:play-services-basement:18.1.0] AndroidManifest.xml:23:13-66
259    </application>
260
261</manifest>